Using pre-set license
Built from '2022.1/staging' branch; Version is '2022.1.0b6 (0c945167f89c) revision 824401'; Using compiler version '192829333'; Build Type 'Release'
OS: 'Windows 10  (10.0.19044) 64bit Core' Language: 'en' Physical Memory: 7599 MB
BatchMode: 1, IsHumanControllingUs: 0, StartBugReporterOnCrash: 0, Is64bit: 1, IsPro: 0

COMMAND LINE ARGUMENTS:
C:\Program Files\Unity\Hub\Editor\2022.1.0b6\Editor\Unity.exe
-adb2
-batchMode
-noUpm
-name
AssetImportWorker0
-projectPath
C:/Users/18505/OneDrive/Documents/GitHub/funProject/BigFarma
-logFile
Logs/AssetImportWorker0.log
-srvPort
63105
Successfully changed project path to: C:/Users/18505/OneDrive/Documents/GitHub/funProject/BigFarma
C:/Users/18505/OneDrive/Documents/GitHub/funProject/BigFarma
[UnityMemory] Configuration Parameters - Can be set up in boot.config
    "memorysetup-bucket-allocator-granularity=16"
    "memorysetup-bucket-allocator-bucket-count=8"
    "memorysetup-bucket-allocator-block-size=33554432"
    "memorysetup-bucket-allocator-block-count=8"
    "memorysetup-main-allocator-block-size=16777216"
    "memorysetup-thread-allocator-block-size=16777216"
    "memorysetup-gfx-main-allocator-block-size=16777216"
    "memorysetup-gfx-thread-allocator-block-size=16777216"
    "memorysetup-cache-allocator-block-size=4194304"
    "memorysetup-typetree-allocator-block-size=2097152"
    "memorysetup-profiler-bucket-allocator-granularity=16"
    "memorysetup-profiler-bucket-allocator-bucket-count=8"
    "memorysetup-profiler-bucket-allocator-block-size=33554432"
    "memorysetup-profiler-bucket-allocator-block-count=8"
    "memorysetup-profiler-allocator-block-size=16777216"
    "memorysetup-profiler-editor-allocator-block-size=1048576"
    "memorysetup-temp-allocator-size-main=16777216"
    "memorysetup-job-temp-allocator-block-size=2097152"
    "memorysetup-job-temp-allocator-block-size-background=1048576"
    "memorysetup-job-temp-allocator-reduction-small-platforms=262144"
    "memorysetup-temp-allocator-size-background-worker=32768"
    "memorysetup-temp-allocator-size-job-worker=262144"
    "memorysetup-temp-allocator-size-preload-manager=33554432"
    "memorysetup-temp-allocator-size-nav-mesh-worker=65536"
    "memorysetup-temp-allocator-size-audio-worker=65536"
    "memorysetup-temp-allocator-size-cloud-worker=32768"
    "memorysetup-temp-allocator-size-gi-baking-worker=262144"
    "memorysetup-temp-allocator-size-gfx=262144"
Refreshing native plugins compatible for Editor in 232.41 ms, found 3 plugins.
Preloading 0 native plugins for Editor in 0.00 ms.
Initialize engine version: 2022.1.0b6 (0c945167f89c)
[Subsystems] Discovering subsystems at path C:/Program Files/Unity/Hub/Editor/2022.1.0b6/Editor/Data/Resources/UnitySubsystems
[Subsystems] Discovering subsystems at path C:/Users/18505/OneDrive/Documents/GitHub/funProject/BigFarma/Assets
GfxDevice: creating device client; threaded=0; jobified=0
Direct3D:
    Version:  Direct3D 11.0 [level 11.1]
    Renderer: AMD Radeon(TM) Graphics (ID=0x1636)
    Vendor:   ATI
    VRAM:     3799 MB
    Driver:   27.20.11020.14001
Initialize mono
Mono path[0] = 'C:/Program Files/Unity/Hub/Editor/2022.1.0b6/Editor/Data/Managed'
Mono path[1] = 'C:/Program Files/Unity/Hub/Editor/2022.1.0b6/Editor/Data/MonoBleedingEdge/lib/mono/unityjit-win32'
Mono config path = 'C:/Program Files/Unity/Hub/Editor/2022.1.0b6/Editor/Data/MonoBleedingEdge/etc'
Using monoOptions --debugger-agent=transport=dt_socket,embedding=1,server=y,suspend=n,address=127.0.0.1:56272
Begin MonoManager ReloadAssembly
Registering precompiled unity dll's ...
Register platform support module: C:/Program Files/Unity/Hub/Editor/2022.1.0b6/Editor/Data/PlaybackEngines/WebGLSupport/UnityEditor.WebGL.Extensions.dll
Register platform support module: C:/Program Files/Unity/Hub/Editor/2022.1.0b6/Editor/Data/PlaybackEngines/WindowsStandaloneSupport/UnityEditor.WindowsStandalone.Extensions.dll
Registered in 0.017448 seconds.
Native extension for WindowsStandalone target not found
Native extension for WebGL target not found
Refreshing native plugins compatible for Editor in 245.82 ms, found 3 plugins.
Preloading 0 native plugins for Editor in 0.00 ms.
Mono: successfully reloaded assembly
- Completed reload, in  1.742 seconds
Domain Reload Profiling:
	ReloadAssembly (1743ms)
		BeginReloadAssembly (164ms)
			ExecutionOrderSort (0ms)
			DisableScriptedObjects (0ms)
			BackupInstance (0ms)
			ReleaseScriptingObjects (0ms)
			CreateAndSetChildDomain (1ms)
		EndReloadAssembly (1349ms)
			LoadAssemblies (161ms)
			RebuildTransferFunctionScriptingTraits (0ms)
			SetupTypeCache (286ms)
				TypeCache.Initialize (285ms)
					TypeCache.ScanAssembly (281ms)
				ResolveRequiredComponents (1ms)
			ReleaseScriptCaches (0ms)
			RebuildScriptCaches (86ms)
			SetupLoadedEditorAssemblies (825ms)
				LogAssemblyErrors (0ms)
				InitializePlatformSupportModulesInManaged (59ms)
				SetLoadedEditorAssemblies (22ms)
				RefreshPlugins (246ms)
				BeforeProcessingInitializeOnLoad (3ms)
				ProcessInitializeOnLoadAttributes (384ms)
				ProcessInitializeOnLoadMethodAttributes (110ms)
				AfterProcessingInitializeOnLoad (0ms)
				EditorAssembliesLoaded (0ms)
			ExecutionOrderSort2 (0ms)
			AwakeInstancesAfterBackupRestoration (0ms)
Platform modules already initialized, skipping
Registering precompiled user dll's ...
Registered in 0.014898 seconds.
Begin MonoManager ReloadAssembly
Symbol file LoadedFromMemory doesn't match image C:\Users\18505\OneDrive\Documents\GitHub\funProject\BigFarma\Library\PackageCache\com.unity.visualscripting@1.7.5\Editor\VisualScripting.Core\Dependencies\YamlDotNet\Unity.VisualScripting.YamlDotNet.dll
Symbol file LoadedFromMemory doesn't match image C:\Users\18505\OneDrive\Documents\GitHub\funProject\BigFarma\Library\PackageCache\com.unity.visualscripting@1.7.5\Editor\VisualScripting.Core\Dependencies\DotNetZip\Unity.VisualScripting.IonicZip.dll
Native extension for WindowsStandalone target not found
Native extension for WebGL target not found
Refreshing native plugins compatible for Editor in 1.42 ms, found 3 plugins.
Preloading 0 native plugins for Editor in 0.00 ms.
Mono: successfully reloaded assembly
- Completed reload, in  2.858 seconds
Domain Reload Profiling:
	ReloadAssembly (2861ms)
		BeginReloadAssembly (298ms)
			ExecutionOrderSort (0ms)
			DisableScriptedObjects (13ms)
			BackupInstance (0ms)
			ReleaseScriptingObjects (0ms)
			CreateAndSetChildDomain (49ms)
		EndReloadAssembly (2273ms)
			LoadAssemblies (247ms)
			RebuildTransferFunctionScriptingTraits (0ms)
			SetupTypeCache (718ms)
				TypeCache.Initialize (709ms)
					TypeCache.ScanAssembly (702ms)
				ResolveRequiredComponents (8ms)
			ReleaseScriptCaches (2ms)
			RebuildScriptCaches (127ms)
			SetupLoadedEditorAssemblies (1054ms)
				LogAssemblyErrors (0ms)
				InitializePlatformSupportModulesInManaged (42ms)
				SetLoadedEditorAssemblies (20ms)
				RefreshPlugins (2ms)
				BeforeProcessingInitializeOnLoad (227ms)
				ProcessInitializeOnLoadAttributes (672ms)
				ProcessInitializeOnLoadMethodAttributes (65ms)
				AfterProcessingInitializeOnLoad (25ms)
				EditorAssembliesLoaded (0ms)
			ExecutionOrderSort2 (0ms)
			AwakeInstancesAfterBackupRestoration (15ms)
Platform modules already initialized, skipping
========================================================================
Worker process is ready to serve import requests
Launched and connected shader compiler UnityShaderCompiler.exe after 0.18 seconds
Refreshing native plugins compatible for Editor in 1.04 ms, found 3 plugins.
Preloading 0 native plugins for Editor in 0.00 ms.
Unloading 3234 Unused Serialized files (Serialized files now loaded: 0)
Unloading 25 unused Assets / (58.2 KB). Loaded Objects now: 3694.
Memory consumption went from 498.2 MB to 498.1 MB.
Total: 6.865000 ms (FindLiveObjects: 0.485900 ms CreateObjectMapping: 0.225400 ms MarkObjects: 5.990400 ms  DeleteObjects: 0.159900 ms)

AssetImportParameters requested are different than current active one (requested -> active):
  custom:video-decoder-ogg-theora: a1e56fd34408186e4bbccfd4996cb3dc -> 
  custom:container-muxer-webm: aa71ff27fc2769a1b78a27578f13a17b -> 
  custom:container-demuxer-webm: 4f35f7cbe854078d1ac9338744f61a02 -> 
  custom:video-encoder-webm-vp8: eb34c28f22e8b96e1ab97ce403110664 -> 
  custom:video-codec-MediaFoundation-h265: 746d11721c4dcdbdad8f713fa42b33f4 -> 
  custom:audio-encoder-webm-vorbis: bf7c407c2cedff20999df2af8eb42d56 -> 
  custom:framework-win-MediaFoundation: 216162199b28c13a410421893ffa2e32 -> 
  custom:container-demuxer-ogg: 62fdf1f143b41e24485cea50d1cbac27 -> 
  custom:video-decoder-webm-vp8: 9c59270c3fd7afecdb556c50c9e8de78 -> 
  custom:audio-decoder-ogg-vorbis: bf7c407c2cedff20999df2af8eb42d56 -> 
========================================================================
Received Import Request.
  Time since last request: 253329.474702 seconds.
  path: Assets/Scenes
  artifactKey: Guid(181f58f5830bf7f43ba10c533cc76661) Importer(815301076,1909f56bfc062723c751e8b465ee728b)
Start importing Assets/Scenes using Guid(181f58f5830bf7f43ba10c533cc76661) Importer(815301076,1909f56bfc062723c751e8b465ee728b)  -> (artifact id: '5526bd7cc78d3812a420a15c032ab9fc') in 0.020995 seconds 
========================================================================
Received Import Request.
  Time since last request: 5.031064 seconds.
  path: Assets/Scenes/SampleScene.unity
  artifactKey: Guid(9fc0d4010bbf28b4594072e72b8655ab) Importer(815301076,1909f56bfc062723c751e8b465ee728b)
Start importing Assets/Scenes/SampleScene.unity using Guid(9fc0d4010bbf28b4594072e72b8655ab) Importer(815301076,1909f56bfc062723c751e8b465ee728b)  -> (artifact id: 'ced0ae8f2d5787aafe1bc36af91237b4') in 0.053156 seconds 
========================================================================
Received Import Request.
  Time since last request: 25.479480 seconds.
  path: Assets/Scenes/theBeggining.unity
  artifactKey: Guid(9fc0d4010bbf28b4594072e72b8655ab) Importer(815301076,1909f56bfc062723c751e8b465ee728b)
Start importing Assets/Scenes/theBeggining.unity using Guid(9fc0d4010bbf28b4594072e72b8655ab) Importer(815301076,1909f56bfc062723c751e8b465ee728b)  -> (artifact id: '0689c5f433de8a06f47c3fc218ce51bd') in 0.023972 seconds 
========================================================================
Received Import Request.
  Time since last request: 13.208298 seconds.
  path: Assets/Scenes/theCOWpow.unity
  artifactKey: Guid(9fc0d4010bbf28b4594072e72b8655ab) Importer(815301076,1909f56bfc062723c751e8b465ee728b)
Start importing Assets/Scenes/theCOWpow.unity using Guid(9fc0d4010bbf28b4594072e72b8655ab) Importer(815301076,1909f56bfc062723c751e8b465ee728b)  -> (artifact id: '291fdde0bbdb106148edc529fa080f9d') in 0.035220 seconds 
========================================================================
Received Prepare
Registering precompiled user dll's ...
Registered in 0.028997 seconds.
Begin MonoManager ReloadAssembly
Symbol file LoadedFromMemory doesn't match image C:\Users\18505\OneDrive\Documents\GitHub\funProject\BigFarma\Library\PackageCache\com.unity.visualscripting@1.7.5\Editor\VisualScripting.Core\Dependencies\YamlDotNet\Unity.VisualScripting.YamlDotNet.dll
Symbol file LoadedFromMemory doesn't match image C:\Users\18505\OneDrive\Documents\GitHub\funProject\BigFarma\Library\PackageCache\com.unity.visualscripting@1.7.5\Editor\VisualScripting.Core\Dependencies\DotNetZip\Unity.VisualScripting.IonicZip.dll
Native extension for WindowsStandalone target not found
Native extension for WebGL target not found
Refreshing native plugins compatible for Editor in 1.57 ms, found 3 plugins.
Preloading 0 native plugins for Editor in 0.00 ms.
Mono: successfully reloaded assembly
- Completed reload, in  2.689 seconds
Domain Reload Profiling:
	ReloadAssembly (2690ms)
		BeginReloadAssembly (348ms)
			ExecutionOrderSort (0ms)
			DisableScriptedObjects (15ms)
			BackupInstance (0ms)
			ReleaseScriptingObjects (0ms)
			CreateAndSetChildDomain (75ms)
		EndReloadAssembly (2068ms)
			LoadAssemblies (273ms)
			RebuildTransferFunctionScriptingTraits (0ms)
			SetupTypeCache (713ms)
				TypeCache.Initialize (699ms)
					TypeCache.ScanAssembly (687ms)
				ResolveRequiredComponents (14ms)
			ReleaseScriptCaches (2ms)
			RebuildScriptCaches (102ms)
			SetupLoadedEditorAssemblies (872ms)
				LogAssemblyErrors (0ms)
				InitializePlatformSupportModulesInManaged (39ms)
				SetLoadedEditorAssemblies (18ms)
				RefreshPlugins (2ms)
				BeforeProcessingInitializeOnLoad (187ms)
				ProcessInitializeOnLoadAttributes (558ms)
				ProcessInitializeOnLoadMethodAttributes (51ms)
				AfterProcessingInitializeOnLoad (17ms)
				EditorAssembliesLoaded (0ms)
			ExecutionOrderSort2 (0ms)
			AwakeInstancesAfterBackupRestoration (13ms)
Platform modules already initialized, skipping
Refreshing native plugins compatible for Editor in 4.42 ms, found 3 plugins.
Preloading 0 native plugins for Editor in 0.00 ms.
Unloading 3228 Unused Serialized files (Serialized files now loaded: 0)
Unloading 18 unused Assets / (25.4 KB). Loaded Objects now: 3698.
Memory consumption went from 497.7 MB to 497.7 MB.
Total: 9.157600 ms (FindLiveObjects: 1.042300 ms CreateObjectMapping: 0.529700 ms MarkObjects: 7.500300 ms  DeleteObjects: 0.081500 ms)

AssetImportParameters requested are different than current active one (requested -> active):
  custom:video-decoder-ogg-theora: a1e56fd34408186e4bbccfd4996cb3dc -> 
  custom:container-muxer-webm: aa71ff27fc2769a1b78a27578f13a17b -> 
  custom:container-demuxer-webm: 4f35f7cbe854078d1ac9338744f61a02 -> 
  custom:video-encoder-webm-vp8: eb34c28f22e8b96e1ab97ce403110664 -> 
  custom:video-codec-MediaFoundation-h265: 746d11721c4dcdbdad8f713fa42b33f4 -> 
  custom:audio-encoder-webm-vorbis: bf7c407c2cedff20999df2af8eb42d56 -> 
  custom:framework-win-MediaFoundation: 216162199b28c13a410421893ffa2e32 -> 
  custom:container-demuxer-ogg: 62fdf1f143b41e24485cea50d1cbac27 -> 
  custom:video-decoder-webm-vp8: 9c59270c3fd7afecdb556c50c9e8de78 -> 
  custom:audio-decoder-ogg-vorbis: bf7c407c2cedff20999df2af8eb42d56 -> 
========================================================================
Received Prepare
Registering precompiled user dll's ...
Registered in 0.007534 seconds.
Begin MonoManager ReloadAssembly
Symbol file LoadedFromMemory doesn't match image C:\Users\18505\OneDrive\Documents\GitHub\funProject\BigFarma\Library\PackageCache\com.unity.visualscripting@1.7.5\Editor\VisualScripting.Core\Dependencies\YamlDotNet\Unity.VisualScripting.YamlDotNet.dll
Symbol file LoadedFromMemory doesn't match image C:\Users\18505\OneDrive\Documents\GitHub\funProject\BigFarma\Library\PackageCache\com.unity.visualscripting@1.7.5\Editor\VisualScripting.Core\Dependencies\DotNetZip\Unity.VisualScripting.IonicZip.dll
Native extension for WindowsStandalone target not found
Native extension for WebGL target not found
Refreshing native plugins compatible for Editor in 93.99 ms, found 4 plugins.
Preloading 0 native plugins for Editor in 0.00 ms.
Mono: successfully reloaded assembly
- Completed reload, in  1.316 seconds
Domain Reload Profiling:
	ReloadAssembly (1317ms)
		BeginReloadAssembly (169ms)
			ExecutionOrderSort (0ms)
			DisableScriptedObjects (7ms)
			BackupInstance (0ms)
			ReleaseScriptingObjects (0ms)
			CreateAndSetChildDomain (40ms)
		EndReloadAssembly (1049ms)
			LoadAssemblies (162ms)
			RebuildTransferFunctionScriptingTraits (0ms)
			SetupTypeCache (285ms)
				TypeCache.Initialize (281ms)
					TypeCache.ScanAssembly (274ms)
				ResolveRequiredComponents (4ms)
			ReleaseScriptCaches (1ms)
			RebuildScriptCaches (37ms)
			SetupLoadedEditorAssemblies (547ms)
				LogAssemblyErrors (0ms)
				InitializePlatformSupportModulesInManaged (14ms)
				SetLoadedEditorAssemblies (6ms)
				RefreshPlugins (94ms)
				BeforeProcessingInitializeOnLoad (77ms)
				ProcessInitializeOnLoadAttributes (322ms)
				ProcessInitializeOnLoadMethodAttributes (27ms)
				AfterProcessingInitializeOnLoad (7ms)
				EditorAssembliesLoaded (0ms)
			ExecutionOrderSort2 (0ms)
			AwakeInstancesAfterBackupRestoration (6ms)
Platform modules already initialized, skipping
Refreshing native plugins compatible for Editor in 3.04 ms, found 4 plugins.
Preloading 0 native plugins for Editor in 0.00 ms.
Unloading 4105 Unused Serialized files (Serialized files now loaded: 0)
Unloading 91 unused Assets / (5.8 MB). Loaded Objects now: 4516.
Memory consumption went from 0.62 GB to 0.62 GB.
Total: 5.133600 ms (FindLiveObjects: 0.428300 ms CreateObjectMapping: 0.175000 ms MarkObjects: 2.480400 ms  DeleteObjects: 2.048300 ms)

AssetImportParameters requested are different than current active one (requested -> active):
  custom:video-decoder-ogg-theora: a1e56fd34408186e4bbccfd4996cb3dc -> 
  custom:container-muxer-webm: aa71ff27fc2769a1b78a27578f13a17b -> 
  custom:container-demuxer-webm: 4f35f7cbe854078d1ac9338744f61a02 -> 
  custom:video-encoder-webm-vp8: eb34c28f22e8b96e1ab97ce403110664 -> 
  custom:video-codec-MediaFoundation-h265: 746d11721c4dcdbdad8f713fa42b33f4 -> 
  custom:audio-encoder-webm-vorbis: bf7c407c2cedff20999df2af8eb42d56 -> 
  custom:framework-win-MediaFoundation: 216162199b28c13a410421893ffa2e32 -> 
  custom:container-demuxer-ogg: 62fdf1f143b41e24485cea50d1cbac27 -> 
  custom:video-decoder-webm-vp8: 9c59270c3fd7afecdb556c50c9e8de78 -> 
  custom:audio-decoder-ogg-vorbis: bf7c407c2cedff20999df2af8eb42d56 -> 
========================================================================
Received Import Request.
  Time since last request: 998.721041 seconds.
  path: Assets/Polybrush Data/Brush Settings/BrushSettings-Default.asset
  artifactKey: Guid(6a731519b28b1bf4b9bbde25f842f1fe) Importer(815301076,1909f56bfc062723c751e8b465ee728b)
Start importing Assets/Polybrush Data/Brush Settings/BrushSettings-Default.asset using Guid(6a731519b28b1bf4b9bbde25f842f1fe) Importer(815301076,1909f56bfc062723c751e8b465ee728b)  -> (artifact id: '713e35ee86bf37a6a7e8d40e0a74b739') in 0.055196 seconds 
========================================================================
Received Prepare
Refreshing native plugins compatible for Editor in 9.85 ms, found 4 plugins.
Preloading 0 native plugins for Editor in 0.00 ms.
Unloading 90 Unused Serialized files (Serialized files now loaded: 0)
Unloading 91 unused Assets / (6.1 MB). Loaded Objects now: 4516.
Memory consumption went from 95.6 MB to 89.5 MB.
Total: 6.634100 ms (FindLiveObjects: 0.390200 ms CreateObjectMapping: 0.338600 ms MarkObjects: 3.411500 ms  DeleteObjects: 2.492200 ms)

AssetImportParameters requested are different than current active one (requested -> active):
  custom:video-decoder-ogg-theora: a1e56fd34408186e4bbccfd4996cb3dc -> 
  custom:container-muxer-webm: aa71ff27fc2769a1b78a27578f13a17b -> 
  custom:container-demuxer-webm: 4f35f7cbe854078d1ac9338744f61a02 -> 
  custom:video-encoder-webm-vp8: eb34c28f22e8b96e1ab97ce403110664 -> 
  custom:video-codec-MediaFoundation-h265: 746d11721c4dcdbdad8f713fa42b33f4 -> 
  custom:audio-encoder-webm-vorbis: bf7c407c2cedff20999df2af8eb42d56 -> 
  custom:framework-win-MediaFoundation: 216162199b28c13a410421893ffa2e32 -> 
  custom:container-demuxer-ogg: 62fdf1f143b41e24485cea50d1cbac27 -> 
  custom:video-decoder-webm-vp8: 9c59270c3fd7afecdb556c50c9e8de78 -> 
  custom:audio-decoder-ogg-vorbis: bf7c407c2cedff20999df2af8eb42d56 -> 
========================================================================
Received Prepare
Refreshing native plugins compatible for Editor in 8.05 ms, found 4 plugins.
Preloading 0 native plugins for Editor in 0.00 ms.
Unloading 90 Unused Serialized files (Serialized files now loaded: 0)
Unloading 91 unused Assets / (6.0 MB). Loaded Objects now: 4516.
Memory consumption went from 95.5 MB to 89.5 MB.
Total: 8.755400 ms (FindLiveObjects: 0.602100 ms CreateObjectMapping: 0.363000 ms MarkObjects: 4.772300 ms  DeleteObjects: 3.015600 ms)

AssetImportParameters requested are different than current active one (requested -> active):
  custom:video-decoder-ogg-theora: a1e56fd34408186e4bbccfd4996cb3dc -> 
  custom:container-muxer-webm: aa71ff27fc2769a1b78a27578f13a17b -> 
  custom:container-demuxer-webm: 4f35f7cbe854078d1ac9338744f61a02 -> 
  custom:video-encoder-webm-vp8: eb34c28f22e8b96e1ab97ce403110664 -> 
  custom:video-codec-MediaFoundation-h265: 746d11721c4dcdbdad8f713fa42b33f4 -> 
  custom:audio-encoder-webm-vorbis: bf7c407c2cedff20999df2af8eb42d56 -> 
  custom:framework-win-MediaFoundation: 216162199b28c13a410421893ffa2e32 -> 
  custom:container-demuxer-ogg: 62fdf1f143b41e24485cea50d1cbac27 -> 
  custom:video-decoder-webm-vp8: 9c59270c3fd7afecdb556c50c9e8de78 -> 
  custom:audio-decoder-ogg-vorbis: bf7c407c2cedff20999df2af8eb42d56 -> 
========================================================================
Received Prepare
Registering precompiled user dll's ...
Registered in 0.005629 seconds.
Begin MonoManager ReloadAssembly
Symbol file LoadedFromMemory doesn't match image C:\Users\18505\OneDrive\Documents\GitHub\funProject\BigFarma\Library\PackageCache\com.unity.visualscripting@1.7.5\Editor\VisualScripting.Core\Dependencies\YamlDotNet\Unity.VisualScripting.YamlDotNet.dll
Symbol file LoadedFromMemory doesn't match image C:\Users\18505\OneDrive\Documents\GitHub\funProject\BigFarma\Library\PackageCache\com.unity.visualscripting@1.7.5\Editor\VisualScripting.Core\Dependencies\DotNetZip\Unity.VisualScripting.IonicZip.dll
Native extension for WindowsStandalone target not found
Native extension for WebGL target not found
Refreshing native plugins compatible for Editor in 0.78 ms, found 4 plugins.
Preloading 0 native plugins for Editor in 0.00 ms.
Mono: successfully reloaded assembly
- Completed reload, in  1.379 seconds
Domain Reload Profiling:
	ReloadAssembly (1381ms)
		BeginReloadAssembly (256ms)
			ExecutionOrderSort (0ms)
			DisableScriptedObjects (11ms)
			BackupInstance (0ms)
			ReleaseScriptingObjects (0ms)
			CreateAndSetChildDomain (84ms)
		EndReloadAssembly (1006ms)
			LoadAssemblies (152ms)
			RebuildTransferFunctionScriptingTraits (0ms)
			SetupTypeCache (352ms)
				TypeCache.Initialize (347ms)
					TypeCache.ScanAssembly (335ms)
				ResolveRequiredComponents (4ms)
			ReleaseScriptCaches (2ms)
			RebuildScriptCaches (54ms)
			SetupLoadedEditorAssemblies (440ms)
				LogAssemblyErrors (0ms)
				InitializePlatformSupportModulesInManaged (14ms)
				SetLoadedEditorAssemblies (7ms)
				RefreshPlugins (1ms)
				BeforeProcessingInitializeOnLoad (78ms)
				ProcessInitializeOnLoadAttributes (310ms)
				ProcessInitializeOnLoadMethodAttributes (23ms)
				AfterProcessingInitializeOnLoad (7ms)
				EditorAssembliesLoaded (0ms)
			ExecutionOrderSort2 (0ms)
			AwakeInstancesAfterBackupRestoration (6ms)
Platform modules already initialized, skipping
Refreshing native plugins compatible for Editor in 2.69 ms, found 4 plugins.
Preloading 0 native plugins for Editor in 0.00 ms.
Unloading 4105 Unused Serialized files (Serialized files now loaded: 0)
Unloading 91 unused Assets / (6.0 MB). Loaded Objects now: 4518.
Memory consumption went from 0.62 GB to 0.62 GB.
Total: 6.499600 ms (FindLiveObjects: 0.608400 ms CreateObjectMapping: 0.465100 ms MarkObjects: 3.316200 ms  DeleteObjects: 2.108000 ms)

AssetImportParameters requested are different than current active one (requested -> active):
  custom:video-decoder-ogg-theora: a1e56fd34408186e4bbccfd4996cb3dc -> 
  custom:container-muxer-webm: aa71ff27fc2769a1b78a27578f13a17b -> 
  custom:container-demuxer-webm: 4f35f7cbe854078d1ac9338744f61a02 -> 
  custom:video-encoder-webm-vp8: eb34c28f22e8b96e1ab97ce403110664 -> 
  custom:video-codec-MediaFoundation-h265: 746d11721c4dcdbdad8f713fa42b33f4 -> 
  custom:audio-encoder-webm-vorbis: bf7c407c2cedff20999df2af8eb42d56 -> 
  custom:framework-win-MediaFoundation: 216162199b28c13a410421893ffa2e32 -> 
  custom:container-demuxer-ogg: 62fdf1f143b41e24485cea50d1cbac27 -> 
  custom:video-decoder-webm-vp8: 9c59270c3fd7afecdb556c50c9e8de78 -> 
  custom:audio-decoder-ogg-vorbis: bf7c407c2cedff20999df2af8eb42d56 -> 
========================================================================
Received Prepare
Registering precompiled user dll's ...
Registered in 0.005925 seconds.
Begin MonoManager ReloadAssembly
Symbol file LoadedFromMemory doesn't match image C:\Users\18505\OneDrive\Documents\GitHub\funProject\BigFarma\Library\PackageCache\com.unity.visualscripting@1.7.5\Editor\VisualScripting.Core\Dependencies\YamlDotNet\Unity.VisualScripting.YamlDotNet.dll
Symbol file LoadedFromMemory doesn't match image C:\Users\18505\OneDrive\Documents\GitHub\funProject\BigFarma\Library\PackageCache\com.unity.visualscripting@1.7.5\Editor\VisualScripting.Core\Dependencies\DotNetZip\Unity.VisualScripting.IonicZip.dll
Native extension for WindowsStandalone target not found
Native extension for WebGL target not found
Refreshing native plugins compatible for Editor in 0.77 ms, found 4 plugins.
Preloading 0 native plugins for Editor in 0.00 ms.
Mono: successfully reloaded assembly
- Completed reload, in  1.150 seconds
Domain Reload Profiling:
	ReloadAssembly (1150ms)
		BeginReloadAssembly (144ms)
			ExecutionOrderSort (0ms)
			DisableScriptedObjects (7ms)
			BackupInstance (0ms)
			ReleaseScriptingObjects (0ms)
			CreateAndSetChildDomain (40ms)
		EndReloadAssembly (900ms)
			LoadAssemblies (97ms)
			RebuildTransferFunctionScriptingTraits (0ms)
			SetupTypeCache (304ms)
				TypeCache.Initialize (300ms)
					TypeCache.ScanAssembly (292ms)
				ResolveRequiredComponents (5ms)
			ReleaseScriptCaches (2ms)
			RebuildScriptCaches (47ms)
			SetupLoadedEditorAssemblies (416ms)
				LogAssemblyErrors (0ms)
				InitializePlatformSupportModulesInManaged (14ms)
				SetLoadedEditorAssemblies (7ms)
				RefreshPlugins (1ms)
				BeforeProcessingInitializeOnLoad (72ms)
				ProcessInitializeOnLoadAttributes (289ms)
				ProcessInitializeOnLoadMethodAttributes (25ms)
				AfterProcessingInitializeOnLoad (8ms)
				EditorAssembliesLoaded (0ms)
			ExecutionOrderSort2 (0ms)
			AwakeInstancesAfterBackupRestoration (6ms)
Platform modules already initialized, skipping
Refreshing native plugins compatible for Editor in 2.46 ms, found 4 plugins.
Preloading 0 native plugins for Editor in 0.00 ms.
Unloading 4123 Unused Serialized files (Serialized files now loaded: 0)
Unloading 92 unused Assets / (6.0 MB). Loaded Objects now: 4537.
Memory consumption went from 0.63 GB to 0.62 GB.
Total: 5.771000 ms (FindLiveObjects: 0.411800 ms CreateObjectMapping: 0.242100 ms MarkObjects: 2.948800 ms  DeleteObjects: 2.166800 ms)

AssetImportParameters requested are different than current active one (requested -> active):
  custom:video-decoder-ogg-theora: a1e56fd34408186e4bbccfd4996cb3dc -> 
  custom:container-muxer-webm: aa71ff27fc2769a1b78a27578f13a17b -> 
  custom:container-demuxer-webm: 4f35f7cbe854078d1ac9338744f61a02 -> 
  custom:video-encoder-webm-vp8: eb34c28f22e8b96e1ab97ce403110664 -> 
  custom:video-codec-MediaFoundation-h265: 746d11721c4dcdbdad8f713fa42b33f4 -> 
  custom:audio-encoder-webm-vorbis: bf7c407c2cedff20999df2af8eb42d56 -> 
  custom:framework-win-MediaFoundation: 216162199b28c13a410421893ffa2e32 -> 
  custom:container-demuxer-ogg: 62fdf1f143b41e24485cea50d1cbac27 -> 
  custom:video-decoder-webm-vp8: 9c59270c3fd7afecdb556c50c9e8de78 -> 
  custom:audio-decoder-ogg-vorbis: bf7c407c2cedff20999df2af8eb42d56 -> 
========================================================================
Received Import Request.
  Time since last request: 486.416935 seconds.
  path: Packages/com.unity.connect.share/package.json
  artifactKey: Guid(69d5c7e4989ae4dfab60b1dcc5f58ebb) Importer(815301076,1909f56bfc062723c751e8b465ee728b)
Start importing Packages/com.unity.connect.share/package.json using Guid(69d5c7e4989ae4dfab60b1dcc5f58ebb) Importer(815301076,1909f56bfc062723c751e8b465ee728b)  -> (artifact id: '420c9316901bf295ffe7cc5843f7c59b') in 0.035230 seconds 
========================================================================
Received Import Request.
  Time since last request: 4.807957 seconds.
  path: Packages/com.unity.connect.share/Tests/Editor/Unity.Play.Publisher.Editor.Tests.asmdef
  artifactKey: Guid(df4ebfb3d11874b50958a93894f83d04) Importer(815301076,1909f56bfc062723c751e8b465ee728b)
Start importing Packages/com.unity.connect.share/Tests/Editor/Unity.Play.Publisher.Editor.Tests.asmdef using Guid(df4ebfb3d11874b50958a93894f83d04) Importer(815301076,1909f56bfc062723c751e8b465ee728b)  -> (artifact id: '73e2c09ff79cdffc945c18f1aff10702') in 0.008232 seconds 
========================================================================
Received Prepare
Refreshing native plugins compatible for Editor in 5.21 ms, found 4 plugins.
Preloading 0 native plugins for Editor in 0.00 ms.
Unloading 91 Unused Serialized files (Serialized files now loaded: 0)
Unloading 92 unused Assets / (6.0 MB). Loaded Objects now: 4537.
Memory consumption went from 96.6 MB to 90.6 MB.
Total: 6.116900 ms (FindLiveObjects: 0.356600 ms CreateObjectMapping: 0.128500 ms MarkObjects: 3.152100 ms  DeleteObjects: 2.477900 ms)

AssetImportParameters requested are different than current active one (requested -> active):
  custom:video-decoder-ogg-theora: a1e56fd34408186e4bbccfd4996cb3dc -> 
  custom:container-muxer-webm: aa71ff27fc2769a1b78a27578f13a17b -> 
  custom:container-demuxer-webm: 4f35f7cbe854078d1ac9338744f61a02 -> 
  custom:video-encoder-webm-vp8: eb34c28f22e8b96e1ab97ce403110664 -> 
  custom:video-codec-MediaFoundation-h265: 746d11721c4dcdbdad8f713fa42b33f4 -> 
  custom:audio-encoder-webm-vorbis: bf7c407c2cedff20999df2af8eb42d56 -> 
  custom:framework-win-MediaFoundation: 216162199b28c13a410421893ffa2e32 -> 
  custom:container-demuxer-ogg: 62fdf1f143b41e24485cea50d1cbac27 -> 
  custom:video-decoder-webm-vp8: 9c59270c3fd7afecdb556c50c9e8de78 -> 
  custom:audio-decoder-ogg-vorbis: bf7c407c2cedff20999df2af8eb42d56 -> 
========================================================================
Received Import Request.
  Time since last request: 397.248523 seconds.
  path: Packages/com.unity.connect.share/Editor/Unity.Play.Publisher.Editor.asmdef
  artifactKey: Guid(149cad238efed4f53ac932b1e9555356) Importer(815301076,1909f56bfc062723c751e8b465ee728b)
Start importing Packages/com.unity.connect.share/Editor/Unity.Play.Publisher.Editor.asmdef using Guid(149cad238efed4f53ac932b1e9555356) Importer(815301076,1909f56bfc062723c751e8b465ee728b)  -> (artifact id: '5f471dc079932956b383f9647a37fe9f') in 0.016191 seconds 
========================================================================
Received Import Request.
  Time since last request: 7.128119 seconds.
  path: Packages/com.unity.connect.share/Editor/Resources/Dark/icon-account.png
  artifactKey: Guid(9aadd94fafda7468393a84edf7b78e83) Importer(815301076,1909f56bfc062723c751e8b465ee728b)
Start importing Packages/com.unity.connect.share/Editor/Resources/Dark/icon-account.png using Guid(9aadd94fafda7468393a84edf7b78e83) Importer(815301076,1909f56bfc062723c751e8b465ee728b)  -> (artifact id: '4893ea6e879454b9938759399e886bac') in 0.470087 seconds 
========================================================================
Received Import Request.
  Time since last request: 0.000036 seconds.
  path: Packages/com.unity.connect.share/Editor/Resources/Dark/icon-settings.png
  artifactKey: Guid(63ba8526e7bab4eb5b5eb6f1f058f6c5) Importer(815301076,1909f56bfc062723c751e8b465ee728b)
Start importing Packages/com.unity.connect.share/Editor/Resources/Dark/icon-settings.png using Guid(63ba8526e7bab4eb5b5eb6f1f058f6c5) Importer(815301076,1909f56bfc062723c751e8b465ee728b)  -> (artifact id: 'baa36765a405589c9e614276b5009f90') in 0.022284 seconds 
========================================================================
Received Import Request.
  Time since last request: 0.000141 seconds.
  path: Packages/com.unity.connect.share/Editor/Resources/Dark/icon-uploading@2x.png
  artifactKey: Guid(f24eb24bf74b948a68261a1a785f8059) Importer(815301076,1909f56bfc062723c751e8b465ee728b)
Start importing Packages/com.unity.connect.share/Editor/Resources/Dark/icon-uploading@2x.png using Guid(f24eb24bf74b948a68261a1a785f8059) Importer(815301076,1909f56bfc062723c751e8b465ee728b)  -> (artifact id: '460dab2d32dfc6e4061de8060cace6f2') in 0.038462 seconds 
========================================================================
Received Import Request.
  Time since last request: 0.000074 seconds.
  path: Packages/com.unity.connect.share/Editor/Resources/Dark/icon-error.png
  artifactKey: Guid(6890180c24bf244aea01f1bc4b8844ee) Importer(815301076,1909f56bfc062723c751e8b465ee728b)
Start importing Packages/com.unity.connect.share/Editor/Resources/Dark/icon-error.png using Guid(6890180c24bf244aea01f1bc4b8844ee) Importer(815301076,1909f56bfc062723c751e8b465ee728b)  -> (artifact id: '859c26e80e678ac60ff9707e985ac199') in 0.042854 seconds 
========================================================================
Received Import Request.
  Time since last request: 0.000060 seconds.
  path: Packages/com.unity.connect.share/Editor/Resources/Dark/icon-uploading.png
  artifactKey: Guid(d36ced2c1b6fe4be6b34ace7f5551071) Importer(815301076,1909f56bfc062723c751e8b465ee728b)
Start importing Packages/com.unity.connect.share/Editor/Resources/Dark/icon-uploading.png using Guid(d36ced2c1b6fe4be6b34ace7f5551071) Importer(815301076,1909f56bfc062723c751e8b465ee728b)  -> (artifact id: '82b7f37a19ad02129e0a35c2011b5302') in 0.030497 seconds 
========================================================================
Received Import Request.
  Time since last request: 0.000047 seconds.
  path: Packages/com.unity.connect.share/Editor/Resources/Dark/icon-success@2x.png
  artifactKey: Guid(da1b1ec94c72348449fc753a1254b08d) Importer(815301076,1909f56bfc062723c751e8b465ee728b)
Start importing Packages/com.unity.connect.share/Editor/Resources/Dark/icon-success@2x.png using Guid(da1b1ec94c72348449fc753a1254b08d) Importer(815301076,1909f56bfc062723c751e8b465ee728b)  -> (artifact id: 'd393006e61c7dce534ab5f4e4589148c') in 0.030461 seconds 
========================================================================
Received Import Request.
  Time since last request: 0.000041 seconds.
  path: Packages/com.unity.connect.share/Editor/Resources/Dark/icon-delete@2x.png
  artifactKey: Guid(782207750f2154dd78aa85b97c1140d5) Importer(815301076,1909f56bfc062723c751e8b465ee728b)
Start importing Packages/com.unity.connect.share/Editor/Resources/Dark/icon-delete@2x.png using Guid(782207750f2154dd78aa85b97c1140d5) Importer(815301076,1909f56bfc062723c751e8b465ee728b)  -> (artifact id: '24e7d90b53bfafaf0ad9a499a762e1e4') in 0.023552 seconds 
========================================================================
Received Import Request.
  Time since last request: 0.000057 seconds.
  path: Packages/com.unity.connect.share/Editor/Resources/Dark/icon-image.png
  artifactKey: Guid(a335852cc92979b4491a73d38170e19c) Importer(815301076,1909f56bfc062723c751e8b465ee728b)
Start importing Packages/com.unity.connect.share/Editor/Resources/Dark/icon-image.png using Guid(a335852cc92979b4491a73d38170e19c) Importer(815301076,1909f56bfc062723c751e8b465ee728b)  -> (artifact id: 'c8f9044463487f8dce2da1f3aa207a24') in 0.021284 seconds 
========================================================================
Received Import Request.
  Time since last request: 0.000129 seconds.
  path: Packages/com.unity.connect.share/Editor/Resources/Dark/icon-error@2x.png
  artifactKey: Guid(9cf67673d405e4549ac6b20b38c9a218) Importer(815301076,1909f56bfc062723c751e8b465ee728b)
Start importing Packages/com.unity.connect.share/Editor/Resources/Dark/icon-error@2x.png using Guid(9cf67673d405e4549ac6b20b38c9a218) Importer(815301076,1909f56bfc062723c751e8b465ee728b)  -> (artifact id: '24c354143b548023c21f98e201a92916') in 0.018995 seconds 
========================================================================
Received Import Request.
  Time since last request: 0.000053 seconds.
  path: Packages/com.unity.connect.share/Editor/Resources/Dark/icon-folder.png
  artifactKey: Guid(804367c106b50411eb6bf790fd232ddc) Importer(815301076,1909f56bfc062723c751e8b465ee728b)
Start importing Packages/com.unity.connect.share/Editor/Resources/Dark/icon-folder.png using Guid(804367c106b50411eb6bf790fd232ddc) Importer(815301076,1909f56bfc062723c751e8b465ee728b)  -> (artifact id: 'bc4dc1ec3415aafb50354f89a91bac27') in 0.021226 seconds 
========================================================================
Received Import Request.
  Time since last request: 0.000079 seconds.
  path: Packages/com.unity.connect.share/Editor/Resources/Dark/icon-processing@2x.png
  artifactKey: Guid(bb7f3a68effaa46d2bdcdfdcf9cfe206) Importer(815301076,1909f56bfc062723c751e8b465ee728b)
Start importing Packages/com.unity.connect.share/Editor/Resources/Dark/icon-processing@2x.png using Guid(bb7f3a68effaa46d2bdcdfdcf9cfe206) Importer(815301076,1909f56bfc062723c751e8b465ee728b)  -> (artifact id: 'e69ec1beaaca35f773989c6a1f2ebb80') in 0.019348 seconds 
Editor requested this worker to shutdown with reason: Scaling down because of idle timeout
AssetImportWorker is now disconnected from the server
Process exiting
Exiting without the bug reporter. Application will terminate with return code 0