Using pre-set license
Built from '2022.1/staging' branch; Version is '2022.1.0b6 (0c945167f89c) revision 824401'; Using compiler version '192829333'; Build Type 'Release'
OS: 'Windows 10  (10.0.19044) 64bit Core' Language: 'en' Physical Memory: 7599 MB
BatchMode: 1, IsHumanControllingUs: 0, StartBugReporterOnCrash: 0, Is64bit: 1, IsPro: 0

COMMAND LINE ARGUMENTS:
C:\Program Files\Unity\Hub\Editor\2022.1.0b6\Editor\Unity.exe
-adb2
-batchMode
-noUpm
-name
AssetImportWorker3
-projectPath
C:/Users/18505/OneDrive/Documents/GitHub/funProject/BigFarma
-logFile
Logs/AssetImportWorker3.log
-srvPort
63105
Successfully changed project path to: C:/Users/18505/OneDrive/Documents/GitHub/funProject/BigFarma
C:/Users/18505/OneDrive/Documents/GitHub/funProject/BigFarma
[UnityMemory] Configuration Parameters - Can be set up in boot.config
    "memorysetup-bucket-allocator-granularity=16"
    "memorysetup-bucket-allocator-bucket-count=8"
    "memorysetup-bucket-allocator-block-size=33554432"
    "memorysetup-bucket-allocator-block-count=8"
    "memorysetup-main-allocator-block-size=16777216"
    "memorysetup-thread-allocator-block-size=16777216"
    "memorysetup-gfx-main-allocator-block-size=16777216"
    "memorysetup-gfx-thread-allocator-block-size=16777216"
    "memorysetup-cache-allocator-block-size=4194304"
    "memorysetup-typetree-allocator-block-size=2097152"
    "memorysetup-profiler-bucket-allocator-granularity=16"
    "memorysetup-profiler-bucket-allocator-bucket-count=8"
    "memorysetup-profiler-bucket-allocator-block-size=33554432"
    "memorysetup-profiler-bucket-allocator-block-count=8"
    "memorysetup-profiler-allocator-block-size=16777216"
    "memorysetup-profiler-editor-allocator-block-size=1048576"
    "memorysetup-temp-allocator-size-main=16777216"
    "memorysetup-job-temp-allocator-block-size=2097152"
    "memorysetup-job-temp-allocator-block-size-background=1048576"
    "memorysetup-job-temp-allocator-reduction-small-platforms=262144"
    "memorysetup-temp-allocator-size-background-worker=32768"
    "memorysetup-temp-allocator-size-job-worker=262144"
    "memorysetup-temp-allocator-size-preload-manager=33554432"
    "memorysetup-temp-allocator-size-nav-mesh-worker=65536"
    "memorysetup-temp-allocator-size-audio-worker=65536"
    "memorysetup-temp-allocator-size-cloud-worker=32768"
    "memorysetup-temp-allocator-size-gi-baking-worker=262144"
    "memorysetup-temp-allocator-size-gfx=262144"
Refreshing native plugins compatible for Editor in 146.84 ms, found 4 plugins.
Preloading 0 native plugins for Editor in 0.00 ms.
Initialize engine version: 2022.1.0b6 (0c945167f89c)
[Subsystems] Discovering subsystems at path C:/Program Files/Unity/Hub/Editor/2022.1.0b6/Editor/Data/Resources/UnitySubsystems
[Subsystems] Discovering subsystems at path C:/Users/18505/OneDrive/Documents/GitHub/funProject/BigFarma/Assets
GfxDevice: creating device client; threaded=0; jobified=0
Direct3D:
    Version:  Direct3D 11.0 [level 11.1]
    Renderer: NVIDIA GeForce GTX 1650 (ID=0x1f99)
    Vendor:   NVIDIA
    VRAM:     3962 MB
    Driver:   30.0.14.9649
Initialize mono
Mono path[0] = 'C:/Program Files/Unity/Hub/Editor/2022.1.0b6/Editor/Data/Managed'
Mono path[1] = 'C:/Program Files/Unity/Hub/Editor/2022.1.0b6/Editor/Data/MonoBleedingEdge/lib/mono/unityjit-win32'
Mono config path = 'C:/Program Files/Unity/Hub/Editor/2022.1.0b6/Editor/Data/MonoBleedingEdge/etc'
Using monoOptions --debugger-agent=transport=dt_socket,embedding=1,server=y,suspend=n,address=127.0.0.1:56160
Begin MonoManager ReloadAssembly
Registering precompiled unity dll's ...
Register platform support module: C:/Program Files/Unity/Hub/Editor/2022.1.0b6/Editor/Data/PlaybackEngines/WebGLSupport/UnityEditor.WebGL.Extensions.dll
Register platform support module: C:/Program Files/Unity/Hub/Editor/2022.1.0b6/Editor/Data/PlaybackEngines/WindowsStandaloneSupport/UnityEditor.WindowsStandalone.Extensions.dll
Registered in 0.008007 seconds.
Native extension for WindowsStandalone target not found
Native extension for WebGL target not found
Refreshing native plugins compatible for Editor in 109.42 ms, found 4 plugins.
Preloading 0 native plugins for Editor in 0.00 ms.
Mono: successfully reloaded assembly
- Completed reload, in  0.748 seconds
Domain Reload Profiling:
	ReloadAssembly (749ms)
		BeginReloadAssembly (111ms)
			ExecutionOrderSort (0ms)
			DisableScriptedObjects (0ms)
			BackupInstance (0ms)
			ReleaseScriptingObjects (0ms)
			CreateAndSetChildDomain (1ms)
		EndReloadAssembly (553ms)
			LoadAssemblies (110ms)
			RebuildTransferFunctionScriptingTraits (0ms)
			SetupTypeCache (118ms)
				TypeCache.Initialize (117ms)
					TypeCache.ScanAssembly (116ms)
				ResolveRequiredComponents (1ms)
			ReleaseScriptCaches (0ms)
			RebuildScriptCaches (31ms)
			SetupLoadedEditorAssemblies (346ms)
				LogAssemblyErrors (0ms)
				InitializePlatformSupportModulesInManaged (17ms)
				SetLoadedEditorAssemblies (8ms)
				RefreshPlugins (110ms)
				BeforeProcessingInitializeOnLoad (1ms)
				ProcessInitializeOnLoadAttributes (163ms)
				ProcessInitializeOnLoadMethodAttributes (47ms)
				AfterProcessingInitializeOnLoad (0ms)
				EditorAssembliesLoaded (0ms)
			ExecutionOrderSort2 (0ms)
			AwakeInstancesAfterBackupRestoration (0ms)
Platform modules already initialized, skipping
Registering precompiled user dll's ...
Registered in 0.016617 seconds.
Begin MonoManager ReloadAssembly
Symbol file LoadedFromMemory doesn't match image C:\Users\18505\OneDrive\Documents\GitHub\funProject\BigFarma\Library\PackageCache\com.unity.visualscripting@1.7.5\Editor\VisualScripting.Core\Dependencies\YamlDotNet\Unity.VisualScripting.YamlDotNet.dll
Symbol file LoadedFromMemory doesn't match image C:\Users\18505\OneDrive\Documents\GitHub\funProject\BigFarma\Library\PackageCache\com.unity.visualscripting@1.7.5\Editor\VisualScripting.Core\Dependencies\DotNetZip\Unity.VisualScripting.IonicZip.dll
Native extension for WindowsStandalone target not found
Native extension for WebGL target not found
Refreshing native plugins compatible for Editor in 88.94 ms, found 4 plugins.
Preloading 0 native plugins for Editor in 0.00 ms.
Mono: successfully reloaded assembly
- Completed reload, in  1.389 seconds
Domain Reload Profiling:
	ReloadAssembly (1390ms)
		BeginReloadAssembly (127ms)
			ExecutionOrderSort (0ms)
			DisableScriptedObjects (9ms)
			BackupInstance (0ms)
			ReleaseScriptingObjects (0ms)
			CreateAndSetChildDomain (22ms)
		EndReloadAssembly (1151ms)
			LoadAssemblies (135ms)
			RebuildTransferFunctionScriptingTraits (0ms)
			SetupTypeCache (286ms)
				TypeCache.Initialize (281ms)
					TypeCache.ScanAssembly (275ms)
				ResolveRequiredComponents (5ms)
			ReleaseScriptCaches (1ms)
			RebuildScriptCaches (76ms)
			SetupLoadedEditorAssemblies (596ms)
				LogAssemblyErrors (0ms)
				InitializePlatformSupportModulesInManaged (14ms)
				SetLoadedEditorAssemblies (7ms)
				RefreshPlugins (89ms)
				BeforeProcessingInitializeOnLoad (93ms)
				ProcessInitializeOnLoadAttributes (362ms)
				ProcessInitializeOnLoadMethodAttributes (23ms)
				AfterProcessingInitializeOnLoad (9ms)
				EditorAssembliesLoaded (0ms)
			ExecutionOrderSort2 (0ms)
			AwakeInstancesAfterBackupRestoration (6ms)
Platform modules already initialized, skipping
========================================================================
Worker process is ready to serve import requests
Launched and connected shader compiler UnityShaderCompiler.exe after 0.07 seconds
Refreshing native plugins compatible for Editor in 2.28 ms, found 4 plugins.
Preloading 0 native plugins for Editor in 0.00 ms.
Unloading 4129 Unused Serialized files (Serialized files now loaded: 0)
Unloading 53 unused Assets / (1.7 MB). Loaded Objects now: 4584.
Memory consumption went from 0.63 GB to 0.63 GB.
Total: 9.763200 ms (FindLiveObjects: 1.087100 ms CreateObjectMapping: 0.770900 ms MarkObjects: 6.694000 ms  DeleteObjects: 1.207600 ms)

AssetImportParameters requested are different than current active one (requested -> active):
  custom:video-decoder-ogg-theora: a1e56fd34408186e4bbccfd4996cb3dc -> 
  custom:container-muxer-webm: aa71ff27fc2769a1b78a27578f13a17b -> 
  custom:container-demuxer-webm: 4f35f7cbe854078d1ac9338744f61a02 -> 
  custom:video-encoder-webm-vp8: eb34c28f22e8b96e1ab97ce403110664 -> 
  custom:video-codec-MediaFoundation-h265: 746d11721c4dcdbdad8f713fa42b33f4 -> 
  custom:audio-encoder-webm-vorbis: bf7c407c2cedff20999df2af8eb42d56 -> 
  custom:framework-win-MediaFoundation: 216162199b28c13a410421893ffa2e32 -> 
  custom:container-demuxer-ogg: 62fdf1f143b41e24485cea50d1cbac27 -> 
  custom:video-decoder-webm-vp8: 9c59270c3fd7afecdb556c50c9e8de78 -> 
  custom:audio-decoder-ogg-vorbis: bf7c407c2cedff20999df2af8eb42d56 -> 
========================================================================
Received Import Request.
  Time since last request: 283342.634669 seconds.
  path: Packages/com.unity.connect.share/UI/Error.uss
  artifactKey: Guid(8ad6bf1c0fc246f40856d54e150e2f31) Importer(815301076,1909f56bfc062723c751e8b465ee728b)
Start importing Packages/com.unity.connect.share/UI/Error.uss using Guid(8ad6bf1c0fc246f40856d54e150e2f31) Importer(815301076,1909f56bfc062723c751e8b465ee728b)  -> (artifact id: '13aec8f353232bfbc6ff4dae5e5757d3') in 0.328817 seconds 
========================================================================
Received Import Request.
  Time since last request: 0.000623 seconds.
  path: Packages/com.unity.connect.share/UI/InstallWebGL.uxml
  artifactKey: Guid(f5a05aafed833e4479ca4256ce437a87) Importer(815301076,1909f56bfc062723c751e8b465ee728b)
Start importing Packages/com.unity.connect.share/UI/InstallWebGL.uxml using Guid(f5a05aafed833e4479ca4256ce437a87) Importer(815301076,1909f56bfc062723c751e8b465ee728b)  -> (artifact id: 'c7d6061aa66a2a7447f25ea61c401b71') in 0.028903 seconds 
========================================================================
Received Import Request.
  Time since last request: 0.000043 seconds.
  path: Packages/com.unity.connect.share/UI/Upload_Old.uss
  artifactKey: Guid(ce04c23458879c24c96ce4016a58052c) Importer(815301076,1909f56bfc062723c751e8b465ee728b)
Start importing Packages/com.unity.connect.share/UI/Upload_Old.uss using Guid(ce04c23458879c24c96ce4016a58052c) Importer(815301076,1909f56bfc062723c751e8b465ee728b)  -> (artifact id: 'bda1d920d1f250dc720f88cbaf595c4f') in 0.007980 seconds 
========================================================================
Received Import Request.
  Time since last request: 0.000058 seconds.
  path: Packages/com.unity.connect.share/UI/NoBuild_Dark.uss
  artifactKey: Guid(0cce7a31386ac214183e0a517da28aa4) Importer(815301076,1909f56bfc062723c751e8b465ee728b)
Start importing Packages/com.unity.connect.share/UI/NoBuild_Dark.uss using Guid(0cce7a31386ac214183e0a517da28aa4) Importer(815301076,1909f56bfc062723c751e8b465ee728b)  -> (artifact id: '94c4cfa136a3fab92b0b342738bcbb3a') in 0.013165 seconds 
========================================================================
Received Import Request.
  Time since last request: 0.000031 seconds.
  path: Packages/com.unity.connect.share/UI/NotLoggedIn.uss
  artifactKey: Guid(8cb9bcbe88e125e438dcad7e0d8961d6) Importer(815301076,1909f56bfc062723c751e8b465ee728b)
Start importing Packages/com.unity.connect.share/UI/NotLoggedIn.uss using Guid(8cb9bcbe88e125e438dcad7e0d8961d6) Importer(815301076,1909f56bfc062723c751e8b465ee728b)  -> (artifact id: '9fdba2c9261a4c1c93431b645594fd4d') in 0.012101 seconds 
========================================================================
Received Import Request.
  Time since last request: 0.000032 seconds.
  path: Packages/com.unity.connect.share/UI/NotLoggedIn.uxml
  artifactKey: Guid(621fb9ee4ff90a542b5c3304d7f1a6b4) Importer(815301076,1909f56bfc062723c751e8b465ee728b)
Start importing Packages/com.unity.connect.share/UI/NotLoggedIn.uxml using Guid(621fb9ee4ff90a542b5c3304d7f1a6b4) Importer(815301076,1909f56bfc062723c751e8b465ee728b)  -> (artifact id: '55f5c434e9d68dbeddcf8e8c6546748b') in 0.010905 seconds 
========================================================================
Received Import Request.
  Time since last request: 0.000037 seconds.
  path: Packages/com.unity.connect.share/UI/Introduction_Dark.uss
  artifactKey: Guid(90446e34876eedc48a1bd6842402923b) Importer(815301076,1909f56bfc062723c751e8b465ee728b)
Start importing Packages/com.unity.connect.share/UI/Introduction_Dark.uss using Guid(90446e34876eedc48a1bd6842402923b) Importer(815301076,1909f56bfc062723c751e8b465ee728b)  -> (artifact id: '4bb8e02538eb8ed70d0c0afd8cd5cf68') in 0.011896 seconds 
========================================================================
Received Import Request.
  Time since last request: 0.000034 seconds.
  path: Packages/com.unity.connect.share/UI/Uploading_Dark.uss
  artifactKey: Guid(ee8d5e0adc4921f478d04324a520e8f9) Importer(815301076,1909f56bfc062723c751e8b465ee728b)
Start importing Packages/com.unity.connect.share/UI/Uploading_Dark.uss using Guid(ee8d5e0adc4921f478d04324a520e8f9) Importer(815301076,1909f56bfc062723c751e8b465ee728b)  -> (artifact id: '496cb02ebcf259e34b150a04567c9d2e') in 0.011600 seconds 
========================================================================
Received Import Request.
  Time since last request: 0.000034 seconds.
  path: Packages/com.unity.connect.share/UI/NoBuild.uss
  artifactKey: Guid(afb215e1cde27a14aadc848ffe909297) Importer(815301076,1909f56bfc062723c751e8b465ee728b)
Start importing Packages/com.unity.connect.share/UI/NoBuild.uss using Guid(afb215e1cde27a14aadc848ffe909297) Importer(815301076,1909f56bfc062723c751e8b465ee728b)  -> (artifact id: '75ae445dd4598ab061985a014d4d627a') in 0.012068 seconds 
========================================================================
Received Import Request.
  Time since last request: 0.000038 seconds.
  path: Packages/com.unity.connect.share/UI/NotLoggedIn_Dark.uss
  artifactKey: Guid(f709656bdb9271c4e80be1cec3609bdf) Importer(815301076,1909f56bfc062723c751e8b465ee728b)
Start importing Packages/com.unity.connect.share/UI/NotLoggedIn_Dark.uss using Guid(f709656bdb9271c4e80be1cec3609bdf) Importer(815301076,1909f56bfc062723c751e8b465ee728b)  -> (artifact id: 'd3b93d31fe974d57bc468b0225e1adc3') in 0.016608 seconds 
========================================================================
Received Import Request.
  Time since last request: 0.000023 seconds.
  path: Packages/com.unity.connect.share/UI/Uploading.uss
  artifactKey: Guid(0c994f2867563294187627a3b9f7aad3) Importer(815301076,1909f56bfc062723c751e8b465ee728b)
Start importing Packages/com.unity.connect.share/UI/Uploading.uss using Guid(0c994f2867563294187627a3b9f7aad3) Importer(815301076,1909f56bfc062723c751e8b465ee728b)  -> (artifact id: 'f72fab5b9b8df3caaea4f71ea567e5b9') in 0.007075 seconds 
========================================================================
Received Import Request.
  Time since last request: 0.000077 seconds.
  path: Packages/com.unity.connect.share/UI/Error_Dark.uss
  artifactKey: Guid(36850e138b753474ba4fbd1e927b44e4) Importer(815301076,1909f56bfc062723c751e8b465ee728b)
Start importing Packages/com.unity.connect.share/UI/Error_Dark.uss using Guid(36850e138b753474ba4fbd1e927b44e4) Importer(815301076,1909f56bfc062723c751e8b465ee728b)  -> (artifact id: 'dd7da075ab392b5b374b849ca3d7a155') in 0.012342 seconds 
========================================================================
Received Import Request.
  Time since last request: 0.000026 seconds.
  path: Packages/com.unity.connect.share/UI/Error.uxml
  artifactKey: Guid(82012613d92bb08478e9a25392544f74) Importer(815301076,1909f56bfc062723c751e8b465ee728b)
Start importing Packages/com.unity.connect.share/UI/Error.uxml using Guid(82012613d92bb08478e9a25392544f74) Importer(815301076,1909f56bfc062723c751e8b465ee728b)  -> (artifact id: '9767aeb26cb93ce6cde012b4f24428c0') in 0.008989 seconds 
========================================================================
Received Import Request.
  Time since last request: 0.000031 seconds.
  path: Packages/com.unity.connect.share/UI/Processing.uss
  artifactKey: Guid(7a9aa38fc8dc8f34bb29fde505eb73ec) Importer(815301076,1909f56bfc062723c751e8b465ee728b)
Start importing Packages/com.unity.connect.share/UI/Processing.uss using Guid(7a9aa38fc8dc8f34bb29fde505eb73ec) Importer(815301076,1909f56bfc062723c751e8b465ee728b)  -> (artifact id: '151197aff21abf7973912bd2dbd7f70b') in 0.007144 seconds 
========================================================================
Received Import Request.
  Time since last request: 0.000036 seconds.
  path: Packages/com.unity.connect.share/UI/NoBuild.uxml
  artifactKey: Guid(46efc35cc36b6f24b83d79778a041799) Importer(815301076,1909f56bfc062723c751e8b465ee728b)
Start importing Packages/com.unity.connect.share/UI/NoBuild.uxml using Guid(46efc35cc36b6f24b83d79778a041799) Importer(815301076,1909f56bfc062723c751e8b465ee728b)  -> (artifact id: '483f7c51dc15680f79949f613e3bb34e') in 0.009059 seconds 
========================================================================
Received Import Request.
  Time since last request: 0.000124 seconds.
  path: Packages/com.unity.connect.share/UI/Styles_Dark.uss
  artifactKey: Guid(5f4768ac2bb8b814091c491453a78bd7) Importer(815301076,1909f56bfc062723c751e8b465ee728b)
Start importing Packages/com.unity.connect.share/UI/Styles_Dark.uss using Guid(5f4768ac2bb8b814091c491453a78bd7) Importer(815301076,1909f56bfc062723c751e8b465ee728b)  -> (artifact id: '7dd617f74d13ad8c2acae0e70e3d9c5e') in 0.017851 seconds 
========================================================================
Received Import Request.
  Time since last request: 0.000037 seconds.
  path: Packages/com.unity.connect.share/UI/Upload.uxml
  artifactKey: Guid(2bc70579a9c48584aac41fd2117d74f1) Importer(815301076,1909f56bfc062723c751e8b465ee728b)
Start importing Packages/com.unity.connect.share/UI/Upload.uxml using Guid(2bc70579a9c48584aac41fd2117d74f1) Importer(815301076,1909f56bfc062723c751e8b465ee728b)  -> (artifact id: '799c1fd1bb163b6c4b4a08054c12a349') in 0.007346 seconds 
========================================================================
Received Import Request.
  Time since last request: 0.000033 seconds.
  path: Packages/com.unity.connect.share/UI/Success.uxml
  artifactKey: Guid(574222ea3c858044ea2fc8c9948cfcca) Importer(815301076,1909f56bfc062723c751e8b465ee728b)
Start importing Packages/com.unity.connect.share/UI/Success.uxml using Guid(574222ea3c858044ea2fc8c9948cfcca) Importer(815301076,1909f56bfc062723c751e8b465ee728b)  -> (artifact id: 'b26de3ce8c9c9f5bc21cc175022c72fa') in 0.011994 seconds 
========================================================================
Received Import Request.
  Time since last request: 0.000029 seconds.
  path: Packages/com.unity.connect.share/UI/Introduction.uxml
  artifactKey: Guid(e522c6bae10dabf4e910797f67168128) Importer(815301076,1909f56bfc062723c751e8b465ee728b)
Start importing Packages/com.unity.connect.share/UI/Introduction.uxml using Guid(e522c6bae10dabf4e910797f67168128) Importer(815301076,1909f56bfc062723c751e8b465ee728b)  -> (artifact id: '87169d62b21d4242c65f2ce5ccdad690') in 0.007293 seconds 
========================================================================
Received Import Request.
  Time since last request: 4.971933 seconds.
  path: Packages/com.unity.connect.share/Editor/Resources/Light/icon-account.png
  artifactKey: Guid(e6d97d1bfe7743348b9c03aaec7d6af3) Importer(815301076,1909f56bfc062723c751e8b465ee728b)
Start importing Packages/com.unity.connect.share/Editor/Resources/Light/icon-account.png using Guid(e6d97d1bfe7743348b9c03aaec7d6af3) Importer(815301076,1909f56bfc062723c751e8b465ee728b)  -> (artifact id: '5efab84ea312afa25bb4cee2c4d49c05') in 0.173651 seconds 
========================================================================
Received Import Request.
  Time since last request: 0.000045 seconds.
  path: Packages/com.unity.connect.share/Editor/Resources/Light/icon-image.png
  artifactKey: Guid(9d91c9e943e8f4acc8a23d4133138a56) Importer(815301076,1909f56bfc062723c751e8b465ee728b)
Start importing Packages/com.unity.connect.share/Editor/Resources/Light/icon-image.png using Guid(9d91c9e943e8f4acc8a23d4133138a56) Importer(815301076,1909f56bfc062723c751e8b465ee728b)  -> (artifact id: 'f3c555a59d49a73f2027678db9af876e') in 0.029715 seconds 
========================================================================
Received Import Request.
  Time since last request: 0.000045 seconds.
  path: Packages/com.unity.connect.share/Editor/Resources/Light/icon-delete.png
  artifactKey: Guid(03641354487794246a0726e748b84376) Importer(815301076,1909f56bfc062723c751e8b465ee728b)
Start importing Packages/com.unity.connect.share/Editor/Resources/Light/icon-delete.png using Guid(03641354487794246a0726e748b84376) Importer(815301076,1909f56bfc062723c751e8b465ee728b)  -> (artifact id: 'e68a783151b86fda8bac05638d1ce2cc') in 0.028699 seconds 
========================================================================
Received Import Request.
  Time since last request: 0.000041 seconds.
  path: Packages/com.unity.connect.share/Editor/Resources/Light/icon-uploading.png
  artifactKey: Guid(df47e3e39c58b42039a8f3766bda837c) Importer(815301076,1909f56bfc062723c751e8b465ee728b)
Start importing Packages/com.unity.connect.share/Editor/Resources/Light/icon-uploading.png using Guid(df47e3e39c58b42039a8f3766bda837c) Importer(815301076,1909f56bfc062723c751e8b465ee728b)  -> (artifact id: '020bdb61a3bf07841060072f8daa488b') in 0.024265 seconds 
========================================================================
Received Import Request.
  Time since last request: 0.000049 seconds.
  path: Packages/com.unity.connect.share/Editor/Resources/Light/icon-image-large.png
  artifactKey: Guid(e84a8b54b076b4b6b9a9029a62157345) Importer(815301076,1909f56bfc062723c751e8b465ee728b)
Start importing Packages/com.unity.connect.share/Editor/Resources/Light/icon-image-large.png using Guid(e84a8b54b076b4b6b9a9029a62157345) Importer(815301076,1909f56bfc062723c751e8b465ee728b)  -> (artifact id: 'f2830f79ffec3be8843f46433a9a214a') in 0.024494 seconds 
========================================================================
Received Import Request.
  Time since last request: 0.000055 seconds.
  path: Packages/com.unity.connect.share/Editor/Resources/Light/icon-success@2x.png
  artifactKey: Guid(52538db60de0a46e0aff3eb9cb41c9ce) Importer(815301076,1909f56bfc062723c751e8b465ee728b)
Start importing Packages/com.unity.connect.share/Editor/Resources/Light/icon-success@2x.png using Guid(52538db60de0a46e0aff3eb9cb41c9ce) Importer(815301076,1909f56bfc062723c751e8b465ee728b)  -> (artifact id: 'd2124a662e6e8519defad1af3fee2bc7') in 0.022741 seconds 
========================================================================
Received Import Request.
  Time since last request: 0.000044 seconds.
  path: Packages/com.unity.connect.share/Editor/Resources/Light/icon-processing.png
  artifactKey: Guid(2e6bc4f62fc9b488488b760d28ee5be5) Importer(815301076,1909f56bfc062723c751e8b465ee728b)
Start importing Packages/com.unity.connect.share/Editor/Resources/Light/icon-processing.png using Guid(2e6bc4f62fc9b488488b760d28ee5be5) Importer(815301076,1909f56bfc062723c751e8b465ee728b)  -> (artifact id: 'd17162379b29efb18207e901b8d3dd6b') in 0.024329 seconds 
========================================================================
Received Import Request.
  Time since last request: 0.000067 seconds.
  path: Packages/com.unity.connect.share/Editor/Resources/Light/icon-webgl-module@2x.png
  artifactKey: Guid(80c0ba612430d43068d76bca7b597c31) Importer(815301076,1909f56bfc062723c751e8b465ee728b)
Start importing Packages/com.unity.connect.share/Editor/Resources/Light/icon-webgl-module@2x.png using Guid(80c0ba612430d43068d76bca7b597c31) Importer(815301076,1909f56bfc062723c751e8b465ee728b)  -> (artifact id: '683f024e665a51ab8498642f0189c541') in 0.026299 seconds 
========================================================================
Received Import Request.
  Time since last request: 0.000036 seconds.
  path: Packages/com.unity.connect.share/Editor/Resources/Light/icon-folder.png
  artifactKey: Guid(d39ca15b78f87481c931d3aaff27a27c) Importer(815301076,1909f56bfc062723c751e8b465ee728b)
Start importing Packages/com.unity.connect.share/Editor/Resources/Light/icon-folder.png using Guid(d39ca15b78f87481c931d3aaff27a27c) Importer(815301076,1909f56bfc062723c751e8b465ee728b)  -> (artifact id: '52da28630a8222192ffb35e9a6fffff0') in 0.026766 seconds 
========================================================================
Received Import Request.
  Time since last request: 21.036527 seconds.
  path: Packages/com.unity.connect.share/Editor/Localization/ja.po
  artifactKey: Guid(c9dbe5f40ab138149a99966e27b28833) Importer(815301076,1909f56bfc062723c751e8b465ee728b)
Start importing Packages/com.unity.connect.share/Editor/Localization/ja.po using Guid(c9dbe5f40ab138149a99966e27b28833) Importer(815301076,1909f56bfc062723c751e8b465ee728b)  -> (artifact id: '79f57a66e8badc29165a0baaff681505') in 0.015086 seconds 
========================================================================
Received Import Request.
  Time since last request: 0.000051 seconds.
  path: Packages/com.unity.connect.share/Editor/Localization/zh-hans.po
  artifactKey: Guid(390e86797cecd3240afb47bf88428341) Importer(815301076,1909f56bfc062723c751e8b465ee728b)
Start importing Packages/com.unity.connect.share/Editor/Localization/zh-hans.po using Guid(390e86797cecd3240afb47bf88428341) Importer(815301076,1909f56bfc062723c751e8b465ee728b)  -> (artifact id: '353cf90795adc373ac423597a3ca109f') in 0.015149 seconds 
========================================================================
Received Import Request.
  Time since last request: 9.540604 seconds.
  path: Assets/Polybrush Data/Prefab Palette/PrefabPalette-Default.asset
  artifactKey: Guid(359ec4ef8a4b33b43bd98c3c925d60f6) Importer(815301076,1909f56bfc062723c751e8b465ee728b)
Start importing Assets/Polybrush Data/Prefab Palette/PrefabPalette-Default.asset using Guid(359ec4ef8a4b33b43bd98c3c925d60f6) Importer(815301076,1909f56bfc062723c751e8b465ee728b)  -> (artifact id: '338180c6c6191023b43fc17ac37e98f8') in 0.021579 seconds 
